<?xml version="1.0" encoding="UTF-8"?>
<!-- Generated by org.testng.reporters.JUnitReportReporter -->
<testsuite hostname="deplague" name="com.hospitalseeker.service.TestFeedbackService" tests="4" failures="0" timestamp="25 May 2016 13:00:56 GMT" time="0.050" errors="0">
  <testcase name="testDeleteFeedbackFromDatabase" time="0.009" classname="com.hospitalseeker.service.TestFeedbackService"/>
  <testcase name="testGetAllHospitalFromDatabase" time="0.013" classname="com.hospitalseeker.service.TestFeedbackService"/>
  <testcase name="testUpdateHospitalInDatabase" time="0.013" classname="com.hospitalseeker.service.TestFeedbackService"/>
  <testcase name="testSaveNewFeedbackToDatabase" time="0.015" classname="com.hospitalseeker.service.TestFeedbackService"/>
</testsuite> <!-- com.hospitalseeker.service.TestFeedbackService -->
