<?xml version="1.0" encoding="UTF-8"?>
<!-- Generated by org.testng.reporters.JUnitReportReporter -->
<testsuite hostname="deplague" name="com.hospitalseeker.service.TestDepartmentService" tests="4" failures="0" timestamp="25 May 2016 13:00:56 GMT" time="0.039" errors="0">
  <testcase name="testGetAllDepartmentsFromDatabase" time="0.005" classname="com.hospitalseeker.service.TestDepartmentService"/>
  <testcase name="testDeleteDepartmentFromDatabase" time="0.018" classname="com.hospitalseeker.service.TestDepartmentService"/>
  <testcase name="testSaveNewDepartmentToDatabase" time="0.006" classname="com.hospitalseeker.service.TestDepartmentService"/>
  <testcase name="testUpdateDepartmentInDatabase" time="0.010" classname="com.hospitalseeker.service.TestDepartmentService"/>
</testsuite> <!-- com.hospitalseeker.service.TestDepartmentService -->
