<?xml version="1.0" encoding="UTF-8"?>
<!-- Generated by org.testng.reporters.JUnitReportReporter -->
<testsuite hostname="deplague" name="com.hospitalseeker.security.TestSpringSecurity" tests="5" failures="0" timestamp="25 May 2016 13:04:46 GMT" time="2.494" errors="0">
  <testcase name="requestDepartmentListPageByHospitalId" time="0.130" classname="com.hospitalseeker.security.TestSpringSecurity"/>
  <testcase name="requestProtectedFeedbackWithUserAndCsrfToken" time="0.180" classname="com.hospitalseeker.security.TestSpringSecurity"/>
  <testcase name="requestHospitalListPage" time="1.916" classname="com.hospitalseeker.security.TestSpringSecurity"/>
  <testcase name="requestProtectedUrlWithAdmin" time="0.218" classname="com.hospitalseeker.security.TestSpringSecurity"/>
  <testcase name="requestProtectedUrlWithUser" time="0.050" classname="com.hospitalseeker.security.TestSpringSecurity"/>
</testsuite> <!-- com.hospitalseeker.security.TestSpringSecurity -->
