<?xml version="1.0" encoding="UTF-8"?>
<!-- Generated by org.testng.reporters.JUnitReportReporter -->
<testsuite hostname="deplague" name="com.hospitalseeker.service.TestHospitalService" tests="4" failures="0" timestamp="25 May 2016 13:00:56 GMT" time="0.116" errors="0">
  <testcase name="testGetAllHospitalsFromDatabase" time="0.009" classname="com.hospitalseeker.service.TestHospitalService"/>
  <testcase name="testSaveNewHospitalToDatabase" time="0.005" classname="com.hospitalseeker.service.TestHospitalService"/>
  <testcase name="testUpdateHospitalInDatabase" time="0.008" classname="com.hospitalseeker.service.TestHospitalService"/>
  <testcase name="testDeleteHospitalFromDatabase" time="0.094" classname="com.hospitalseeker.service.TestHospitalService"/>
</testsuite> <!-- com.hospitalseeker.service.TestHospitalService -->
